2024-02-05 20:41:29 INFO  VkBot:39 - Получено сообщение от пользователя: 
2000000002С текстом: asd
2024-02-05 20:47:03 INFO  VkBot:54 - Проверяем является ли админом
2024-02-10 09:53:36 INFO  VkBot:42 - Получено сообщение от пользователя: 
2000000002С текстом: asd
2024-02-10 09:53:45 INFO  VkBot:57 - Проверяем является ли админом
2024-02-10 09:53:45 INFO  JsonUtils:32 - Извлекаем ключ из json: null
2024-02-10 09:53:45 WARN  JsonUtils:41 - Не удалось извлечь ключ из JSON
2024-02-10 09:53:47 INFO  WelcomeKeyboard:16 - Cоздаем клавиатуру основного меню
2024-02-10 09:54:04 INFO  VkBot:42 - Получено сообщение от пользователя: 
2000000002С текстом: [club223389236|@club223389236] Какая стоимость?
2024-02-10 09:54:04 INFO  VkBot:57 - Проверяем является ли админом
2024-02-10 09:54:04 INFO  JsonUtils:32 - Извлекаем ключ из json: {"priceList":"priceList"}
2024-02-10 09:54:04 INFO  SelectMonthKeyboard:20 - Создаем клавиатуру для выбора месяца
2024-02-10 10:00:17 INFO  VkBot:39 - Получено сообщение от пользователя: 
2000000002С текстом: asd\
2024-02-10 10:55:07 INFO  VkBot:40 - Получено сообщение от пользователя: 
2000000002С текстом: asd'
2024-02-10 11:27:43 INFO  VkBot:43 - Получено сообщение от пользователя: 
2000000002С текстом: asdasd'
2024-02-10 11:28:09 INFO  VkBot:44 - Получено сообщение от пользователя: 
2000000002С текстом: asdas
2024-02-10 11:32:27 INFO  VkBot:44 - Получено сообщение от пользователя: 
2000000002С текстом: asdasd
2024-02-10 12:41:12 INFO  VkBot:44 - Получено сообщение от пользователя: 
2000000002С текстом: asd
2024-02-10 15:23:34 INFO  VkBot:43 - Получено сообщение от пользователя: 
2000000002С текстом: эsadasd
2024-02-10 15:23:34 INFO  JsonUtils:32 - Извлекаем ключ из json: null
2024-02-10 15:23:34 WARN  JsonUtils:41 - Не удалось извлечь ключ из JSON
2024-02-10 15:23:34 INFO  WelcomeKeyboard:16 - Cоздаем клавиатуру основного меню
2024-02-10 15:28:39 INFO  VkBot:43 - Получено сообщение от пользователя: 
2000000002С текстом: asd
2024-02-10 15:28:39 INFO  JsonUtils:32 - Извлекаем ключ из json: null
2024-02-10 15:28:39 WARN  JsonUtils:41 - Не удалось извлечь ключ из JSON
2024-02-10 15:28:39 INFO  WelcomeKeyboard:16 - Cоздаем клавиатуру основного меню
2024-02-11 09:35:44 INFO  VkBot:41 - Получено сообщение от пользователя: 
2000000002С текстом: 123123
2024-02-11 09:35:44 INFO  JsonUtils:32 - Извлекаем ключ из json: null
2024-02-11 09:35:44 WARN  JsonUtils:41 - Не удалось извлечь ключ из JSON
2024-02-11 09:35:44 INFO  WelcomeKeyboard:16 - Cоздаем клавиатуру основного меню
2024-02-11 09:41:41 INFO  VkBot:40 - Получено сообщение от пользователя: 
2000000002С текстом: фыв
2024-02-11 09:41:53 INFO  JsonUtils:32 - Извлекаем ключ из json: null
2024-02-11 09:41:53 WARN  JsonUtils:41 - Не удалось извлечь ключ из JSON
2024-02-11 09:41:53 INFO  WelcomeKeyboard:16 - Cоздаем клавиатуру основного меню
2024-02-11 09:42:00 INFO  VkBot:40 - Получено сообщение от пользователя: 
2000000002С текстом: /admin
2024-02-11 09:42:06 INFO  VkBot:49 - Проверяем является ли админом
2024-02-11 11:04:00 INFO  VkBot:54 - Получено сообщение от пользователя: 
2000000002С текстом: asd
2024-02-11 11:04:46 INFO  VkBot:54 - Получено сообщение от пользователя: 
2000000002С текстом: asd
2024-02-11 11:05:04 INFO  VkBot:54 - Получено сообщение от пользователя: 
2000000002С текстом: dasd
2024-02-11 11:08:43 INFO  VkBot:54 - Получено сообщение от пользователя: 
2000000002С текстом: asd
2024-02-11 11:11:45 INFO  JsonUtils:32 - Извлекаем ключ из json: null
2024-02-11 11:11:45 WARN  JsonUtils:41 - Не удалось извлечь ключ из JSON
2024-02-11 11:11:45 INFO  WelcomeKeyboard:16 - Cоздаем клавиатуру основного меню
2024-02-11 12:50:17 INFO  VkBot:54 - Получено сообщение от пользователя: 
2000000002С текстом: asd
2024-02-11 12:50:17 INFO  VkBot:54 - Получено сообщение от пользователя: 
2000000002С текстом: asd
2024-02-11 12:50:17 INFO  JsonUtils:32 - Извлекаем ключ из json: null
2024-02-11 12:50:17 WARN  JsonUtils:41 - Не удалось извлечь ключ из JSON
2024-02-11 12:50:17 INFO  WelcomeKeyboard:16 - Cоздаем клавиатуру основного меню
2024-02-11 12:53:11 INFO  JsonUtils:32 - Извлекаем ключ из json: null
2024-02-11 12:53:11 WARN  JsonUtils:41 - Не удалось извлечь ключ из JSON
2024-02-11 12:53:11 INFO  WelcomeKeyboard:16 - Cоздаем клавиатуру основного меню
2024-02-11 12:53:18 INFO  VkBot:54 - Получено сообщение от пользователя: 
2000000002С текстом: asd
2024-02-11 12:53:18 INFO  JsonUtils:32 - Извлекаем ключ из json: null
2024-02-11 12:53:18 WARN  JsonUtils:41 - Не удалось извлечь ключ из JSON
2024-02-11 12:53:18 INFO  WelcomeKeyboard:16 - Cоздаем клавиатуру основного меню
2024-02-11 12:53:43 INFO  VkBot:54 - Получено сообщение от пользователя: 
2000000002С текстом: sadasd
2024-02-11 12:53:43 INFO  JsonUtils:32 - Извлекаем ключ из json: null
2024-02-11 12:53:43 WARN  JsonUtils:41 - Не удалось извлечь ключ из JSON
2024-02-11 12:53:43 INFO  WelcomeKeyboard:16 - Cоздаем клавиатуру основного меню
2024-02-11 12:53:43 INFO  VkBot:56 - Получено сообщение от пользователя: 
2000000002С текстом: sadasd
2024-02-11 12:53:43 INFO  WelcomeCommands:16 - Проверяем, что пользователь с peerID [2000000002] обращается впервые
2024-02-11 12:56:22 INFO  VkBot:54 - Получено сообщение от пользователя: 
2000000002С текстом: asd
2024-02-11 12:56:22 INFO  JsonUtils:32 - Извлекаем ключ из json: null
2024-02-11 12:56:22 WARN  JsonUtils:41 - Не удалось извлечь ключ из JSON
2024-02-11 12:56:22 INFO  WelcomeKeyboard:16 - Cоздаем клавиатуру основного меню
2024-02-11 12:56:22 INFO  VkBot:56 - Получено сообщение от пользователя: 
2000000002С текстом: asd
2024-02-11 12:56:22 INFO  WelcomeCommands:16 - Проверяем, что пользователь с peerID [2000000002] обращается впервые
2024-02-11 12:57:12 INFO  VkBot:54 - Получено сообщение от пользователя: 
2000000002С текстом: dasd
2024-02-11 12:57:12 INFO  JsonUtils:32 - Извлекаем ключ из json: null
2024-02-11 12:57:12 WARN  JsonUtils:41 - Не удалось извлечь ключ из JSON
2024-02-11 12:57:12 INFO  WelcomeKeyboard:16 - Cоздаем клавиатуру основного меню
2024-02-11 12:57:12 INFO  VkBot:56 - Получено сообщение от пользователя: 
2000000002С текстом: dasd
2024-02-11 12:57:12 INFO  WelcomeCommands:16 - Проверяем, что пользователь с peerID [2000000002] обращается впервые
2024-02-11 12:58:17 INFO  VkBot:54 - Получено сообщение от пользователя: 
2000000002С текстом: фывфыв
2024-02-11 12:58:17 INFO  JsonUtils:32 - Извлекаем ключ из json: null
2024-02-11 12:58:17 WARN  JsonUtils:41 - Не удалось извлечь ключ из JSON
2024-02-11 12:58:17 INFO  WelcomeKeyboard:16 - Cоздаем клавиатуру основного меню
2024-02-11 12:58:22 INFO  VkBot:54 - Получено сообщение от пользователя: 
2000000002С текстом: фыв
2024-02-11 12:58:22 INFO  JsonUtils:32 - Извлекаем ключ из json: null
2024-02-11 12:58:22 WARN  JsonUtils:41 - Не удалось извлечь ключ из JSON
2024-02-11 12:58:22 INFO  WelcomeKeyboard:16 - Cоздаем клавиатуру основного меню
2024-02-11 12:58:22 INFO  VkBot:56 - Получено сообщение от пользователя: 
2000000002С текстом: фыв
2024-02-11 12:58:22 INFO  WelcomeCommands:16 - Проверяем, что пользователь с peerID [2000000002] обращается впервые
2024-02-11 15:53:52 INFO  VkBot:54 - Получено сообщение от пользователя: 
2000000002С текстом: asd
2024-02-11 15:53:52 INFO  JsonUtils:32 - Извлекаем ключ из json: null
2024-02-11 15:53:52 WARN  JsonUtils:41 - Не удалось извлечь ключ из JSON
2024-02-11 15:53:52 INFO  WelcomeKeyboard:16 - Cоздаем клавиатуру основного меню
2024-02-11 15:53:52 INFO  VkBot:56 - Получено сообщение от пользователя: 
2000000002С текстом: asd
2024-02-11 15:53:52 INFO  WelcomeCommands:16 - Проверяем, что пользователь с peerID [2000000002] обращается впервые
2024-02-11 15:58:27 INFO  VkBot:54 - Получено сообщение от пользователя: 
2000000002С текстом: asdasd
2024-02-11 15:58:27 INFO  JsonUtils:32 - Извлекаем ключ из json: null
2024-02-11 15:58:27 WARN  JsonUtils:41 - Не удалось извлечь ключ из JSON
2024-02-11 15:58:27 INFO  WelcomeKeyboard:16 - Cоздаем клавиатуру основного меню
2024-02-11 15:58:27 INFO  VkBot:56 - Получено сообщение от пользователя: 
2000000002С текстом: asdasd
2024-02-11 15:58:27 INFO  WelcomeCommands:16 - Проверяем, что пользователь с peerID [2000000002] обращается впервые
2024-02-11 16:01:48 INFO  VkBot:54 - Получено сообщение от пользователя: 
2000000002С текстом: asdas
2024-02-11 16:01:48 INFO  JsonUtils:32 - Извлекаем ключ из json: null
2024-02-11 16:01:48 WARN  JsonUtils:41 - Не удалось извлечь ключ из JSON
2024-02-11 16:01:48 INFO  WelcomeKeyboard:16 - Cоздаем клавиатуру основного меню
2024-02-11 16:01:51 INFO  VkBot:54 - Получено сообщение от пользователя: 
2000000002С текстом: asd
2024-02-11 16:01:51 INFO  JsonUtils:32 - Извлекаем ключ из json: null
2024-02-11 16:01:51 WARN  JsonUtils:41 - Не удалось извлечь ключ из JSON
2024-02-11 16:01:51 INFO  WelcomeKeyboard:16 - Cоздаем клавиатуру основного меню
2024-02-11 16:01:51 INFO  VkBot:56 - Получено сообщение от пользователя: 
2000000002С текстом: asd
2024-02-11 16:01:51 INFO  WelcomeCommands:16 - Проверяем, что пользователь с peerID [2000000002] обращается впервые
2024-02-11 16:01:55 INFO  JsonUtils:32 - Извлекаем ключ из json: {"response":[{"id":664801773,"first_name":"Никита","last_name":"Василевский","can_access_closed":true,"is_closed":false}]}
2024-02-11 16:02:12 INFO  JsonUtils:32 - Извлекаем ключ из json: null
2024-02-11 16:02:12 WARN  JsonUtils:41 - Не удалось извлечь ключ из JSON
2024-02-11 16:02:12 INFO  WelcomeKeyboard:16 - Cоздаем клавиатуру основного меню
2024-02-11 16:02:15 INFO  VkBot:54 - Получено сообщение от пользователя: 
2000000002С текстом: asdas
2024-02-11 16:02:15 INFO  JsonUtils:32 - Извлекаем ключ из json: null
2024-02-11 16:02:15 WARN  JsonUtils:41 - Не удалось извлечь ключ из JSON
2024-02-11 16:02:15 INFO  WelcomeKeyboard:16 - Cоздаем клавиатуру основного меню
2024-02-11 16:02:15 INFO  VkBot:56 - Получено сообщение от пользователя: 
2000000002С текстом: asdas
2024-02-11 16:02:15 INFO  WelcomeCommands:16 - Проверяем, что пользователь с peerID [2000000002] обращается впервые
2024-02-11 16:02:23 INFO  JsonUtils:32 - Извлекаем ключ из json: {"response":[{"id":664801773,"first_name":"Никита","last_name":"Василевский","can_access_closed":true,"is_closed":false}]}
2024-02-11 16:02:58 INFO  JsonUtils:32 - Извлекаем ключ из json: {"response":[{"id":664801773,"first_name":"Никита","last_name":"Василевский","can_access_closed":true,"is_closed":false}]}
2024-02-11 16:02:58 INFO  JsonUtils:32 - Извлекаем ключ из json: null
2024-02-11 16:02:58 WARN  JsonUtils:41 - Не удалось извлечь ключ из JSON
2024-02-11 16:02:58 INFO  WelcomeKeyboard:16 - Cоздаем клавиатуру основного меню
2024-02-11 16:03:06 INFO  VkBot:54 - Получено сообщение от пользователя: 
2000000002С текстом: asdasd
2024-02-11 16:03:06 INFO  JsonUtils:32 - Извлекаем ключ из json: null
2024-02-11 16:03:06 WARN  JsonUtils:41 - Не удалось извлечь ключ из JSON
2024-02-11 16:03:06 INFO  WelcomeKeyboard:16 - Cоздаем клавиатуру основного меню
2024-02-11 16:03:10 INFO  VkBot:54 - Получено сообщение от пользователя: 
2000000002С текстом: asd
2024-02-11 16:03:10 INFO  JsonUtils:32 - Извлекаем ключ из json: null
2024-02-11 16:03:10 WARN  JsonUtils:41 - Не удалось извлечь ключ из JSON
2024-02-11 16:03:10 INFO  WelcomeKeyboard:16 - Cоздаем клавиатуру основного меню
2024-02-11 16:03:10 INFO  VkBot:56 - Получено сообщение от пользователя: 
2000000002С текстом: asd
2024-02-11 16:03:10 INFO  WelcomeCommands:16 - Проверяем, что пользователь с peerID [2000000002] обращается впервые
2024-02-11 16:03:18 INFO  JsonUtils:15 - Извлекаем значение из json: {"response":[{"id":664801773,"first_name":"Никита","last_name":"Василевский","can_access_closed":true,"is_closed":false}]}
2024-02-11 16:03:18 WARN  JsonUtils:23 - Не удалось извлечь значение из JSON
2024-02-11 16:06:47 INFO  JsonUtils:15 - Извлекаем значение из json: {"response":[{"id":664801773,"first_name":"Никита","last_name":"Василевский","can_access_closed":true,"is_closed":false}]}
2024-02-11 16:06:47 WARN  JsonUtils:23 - Не удалось извлечь значение из JSON
2024-02-11 16:06:47 INFO  JsonUtils:32 - Извлекаем ключ из json: null
2024-02-11 16:06:47 WARN  JsonUtils:41 - Не удалось извлечь ключ из JSON
2024-02-11 16:06:47 INFO  WelcomeKeyboard:16 - Cоздаем клавиатуру основного меню
2024-02-11 16:06:59 INFO  VkBot:54 - Получено сообщение от пользователя: 
2000000002С текстом: asd
2024-02-11 16:06:59 INFO  JsonUtils:32 - Извлекаем ключ из json: null
2024-02-11 16:06:59 WARN  JsonUtils:41 - Не удалось извлечь ключ из JSON
2024-02-11 16:06:59 INFO  WelcomeKeyboard:16 - Cоздаем клавиатуру основного меню
2024-02-11 16:06:59 INFO  VkBot:56 - Получено сообщение от пользователя: 
2000000002С текстом: asd
2024-02-11 16:06:59 INFO  WelcomeCommands:16 - Проверяем, что пользователь с peerID [2000000002] обращается впервые
2024-02-11 16:07:09 INFO  JsonUtils:15 - Извлекаем значение из JSON: {"response":[{"id":664801773,"first_name":"Никита","last_name":"Василевский","can_access_closed":true,"is_closed":false}]}
2024-02-11 16:07:43 INFO  JsonUtils:15 - Извлекаем значение из JSON: {"response":[{"id":664801773,"first_name":"Никита","last_name":"Василевский","can_access_closed":true,"is_closed":false}]}
2024-02-11 16:07:43 INFO  JsonUtils:38 - Извлекаем ключ из json: null
2024-02-11 16:07:43 WARN  JsonUtils:47 - Не удалось извлечь ключ из JSON
2024-02-11 16:07:43 INFO  WelcomeKeyboard:16 - Cоздаем клавиатуру основного меню
