2023-12-07 21:17:28 DEBUG VkBot:39 - 124124
2023-12-07 21:24:23 INFO  VkBot:38 - Получено сообщение от пользователя ClientInfo{buttonActions=[text, vkpay, open_app, location, open_link, callback, intent_subscribe, intent_unsubscribe], keyboardAllowed=true, inlineKeyboardAllowed=true, carouselAllowed=true, langId=0}
2023-12-07 21:24:45 INFO  VkBot:38 - Получено сообщение от пользователя ClientInfo{buttonActions=[text, vkpay, open_app, location, open_link, callback, intent_subscribe, intent_unsubscribe], keyboardAllowed=true, inlineKeyboardAllowed=true, carouselAllowed=true, langId=0}
2023-12-07 21:32:46 INFO  VkBot:32 - Получено сообщение от пользователя 2000000002с текстом: 
asd
2023-12-07 21:32:54 INFO  VkBot:32 - Получено сообщение от пользователя 2000000002с текстом: 
asd
2023-12-07 21:33:06 INFO  VkBot:32 - Получено сообщение от пользователя 2000000002с текстом: 
asd
2023-12-07 21:33:29 INFO  VkBot:32 - Получено сообщение от пользователя 2000000002с текстом: 
asd
2023-12-08 19:50:49 INFO  VkBot:35 - Получено сообщение от пользователя 2000000002с текстом: 
asd
2023-12-08 19:51:54 INFO  VkBot:35 - Получено сообщение от пользователя 2000000002с текстом: 
asd
2023-12-08 19:52:48 INFO  VkBot:35 - Получено сообщение от пользователя 2000000002с текстом: 
asd
2023-12-08 20:06:22 INFO  VkBot:35 - Получено сообщение от пользователя 2000000002с текстом: 
weqe
2023-12-08 20:06:24 INFO  VkBot:35 - Получено сообщение от пользователя 2000000002с текстом: 
qwe
2023-12-08 20:06:26 INFO  VkBot:35 - Получено сообщение от пользователя 2000000002с текстом: 
[club223389236|@club223389236] Записаться на процедуру
2023-12-09 11:41:48 INFO  VkBot:42 - Получено сообщение от пользователя: 
2000000002С текстом: asd
2023-12-09 11:43:44 INFO  VkBot:42 - Получено сообщение от пользователя: 
2000000002С текстом: фыв
2023-12-09 11:43:57 INFO  VkBot:42 - Получено сообщение от пользователя: 
2000000002С текстом: [club223389236|@club223389236] Записаться на процедуру
2023-12-09 11:44:30 INFO  VkBot:42 - Получено сообщение от пользователя: 
2000000002С текстом: [club223389236|@club223389236] Записаться на процедуру
2023-12-09 11:49:46 INFO  VkBot:42 - Получено сообщение от пользователя: 
2000000002С текстом: [club223389236|@club223389236] Отменить запись
2023-12-09 11:50:33 INFO  VkBot:42 - Получено сообщение от пользователя: 
2000000002С текстом: [club223389236|@club223389236] Записаться на процедуру
2023-12-09 11:55:16 INFO  VkBot:42 - Получено сообщение от пользователя: 
2000000002С текстом: [club223389236|@club223389236] Записаться на процедуру
2023-12-09 11:55:41 INFO  VkBot:42 - Получено сообщение от пользователя: 
2000000002С текстом: [club223389236|@club223389236] Записаться на процедуру
2023-12-09 11:59:00 INFO  VkBot:42 - Получено сообщение от пользователя: 
2000000002С текстом: [club223389236|@club223389236] Записаться на процедуру
2023-12-09 11:59:16 INFO  JsonUtils:14 - Извлекаем значение из json: {"selectMenu":"bookProcedure"}
2023-12-09 11:59:23 INFO  VkBot:42 - Получено сообщение от пользователя: 
2000000002С текстом: [club223389236|@club223389236] Записаться на процедуру
2023-12-09 11:59:23 INFO  JsonUtils:14 - Извлекаем значение из json: {"selectMenu":"bookProcedure"}
2023-12-09 11:59:55 INFO  VkBot:42 - Получено сообщение от пользователя: 
2000000002С текстом: [club223389236|@club223389236] Записаться на процедуру
2023-12-09 11:59:55 INFO  JsonUtils:14 - Извлекаем значение из json: {"selectMenu":"bookProcedure"}
2023-12-09 12:03:05 INFO  VkBot:42 - Получено сообщение от пользователя: 
2000000002С текстом: [club223389236|@club223389236] Записаться на процедуру
2023-12-09 12:03:05 INFO  JsonUtils:14 - Извлекаем значение из json: {"selectMenu":"bookProcedure"}
2023-12-09 12:04:57 INFO  VkBot:42 - Получено сообщение от пользователя: 
2000000002С текстом: [club223389236|@club223389236] Записаться на процедуру
2023-12-09 12:04:57 INFO  JsonUtils:14 - Извлекаем значение из json: {"selectMenu":"bookProcedure"}
2023-12-09 12:05:29 INFO  VkBot:42 - Получено сообщение от пользователя: 
2000000002С текстом: [club223389236|@club223389236] Записаться на процедуру
2023-12-09 12:05:29 INFO  JsonUtils:14 - Извлекаем значение из json: {"selectMenu":"bookProcedure"}
2023-12-09 12:20:40 INFO  VkBot:42 - Получено сообщение от пользователя: 
2000000002С текстом: asd
2023-12-09 12:20:42 INFO  VkBot:42 - Получено сообщение от пользователя: 
2000000002С текстом: [club223389236|@club223389236] Записаться на процедуру
2023-12-09 12:20:42 INFO  JsonUtils:14 - Извлекаем значение из json: {"selectMenu":"bookProcedure"}
2023-12-09 12:21:37 INFO  VkBot:42 - Получено сообщение от пользователя: 
2000000002С текстом: asd
2023-12-09 12:21:40 INFO  VkBot:42 - Получено сообщение от пользователя: 
2000000002С текстом: [club223389236|@club223389236] Записаться на процедуру
2023-12-09 12:21:40 INFO  JsonUtils:14 - Извлекаем значение из json: {"selectMenu":"bookProcedure"}
2023-12-09 12:23:03 INFO  VkBot:42 - Получено сообщение от пользователя: 
2000000002С текстом: фыв
2023-12-09 12:23:06 INFO  VkBot:42 - Получено сообщение от пользователя: 
2000000002С текстом: [club223389236|@club223389236] Записаться на процедуру
2023-12-09 12:23:06 INFO  JsonUtils:14 - Извлекаем значение из json: {"selectMenu":"bookProcedure"}
2023-12-09 13:02:13 INFO  VkBot:42 - Получено сообщение от пользователя: 
2000000002С текстом: asd
2023-12-09 13:02:13 INFO  WelcomeKeyboard:16 - Cоздаем клавиатуру основного меню
2023-12-09 13:03:31 INFO  VkBot:42 - Получено сообщение от пользователя: 
2000000002С текстом: asd
2023-12-09 13:03:31 INFO  WelcomeKeyboard:16 - Cоздаем клавиатуру основного меню
2023-12-09 13:04:19 INFO  VkBot:42 - Получено сообщение от пользователя: 
2000000002С текстом: asd
2023-12-09 13:06:04 INFO  WelcomeKeyboard:16 - Cоздаем клавиатуру основного меню
2023-12-09 13:06:12 INFO  VkBot:42 - Получено сообщение от пользователя: 
2000000002С текстом: 213
2023-12-09 13:09:33 INFO  WelcomeKeyboard:16 - Cоздаем клавиатуру основного меню
2023-12-09 14:32:54 INFO  VkBot:42 - Получено сообщение от пользователя: 
2000000002С текстом: фыв
2023-12-09 14:32:54 INFO  WelcomeKeyboard:16 - Cоздаем клавиатуру основного меню
2023-12-09 14:32:56 INFO  VkBot:42 - Получено сообщение от пользователя: 
2000000002С текстом: [club223389236|@club223389236] Записаться на процедуру
2023-12-09 14:32:56 INFO  JsonUtils:14 - Извлекаем значение из json: {"selectMenu":"bookProcedure"}
2023-12-09 14:32:56 INFO  SelectMonthKeyboard:20 - Создаем клавиатуру для выбора месяца
2023-12-09 14:32:59 INFO  VkBot:42 - Получено сообщение от пользователя: 
2000000002С текстом: [club223389236|@club223389236] Назад
2023-12-09 14:32:59 INFO  WelcomeKeyboard:16 - Cоздаем клавиатуру основного меню
2023-12-09 14:33:21 INFO  VkBot:42 - Получено сообщение от пользователя: 
2000000002С текстом: [club223389236|@club223389236] Когда я записан?
2023-12-09 14:33:21 INFO  JsonUtils:14 - Извлекаем значение из json: {"selectMenu":"checkMyProcedure"}
2023-12-09 14:33:21 INFO  SelectMonthKeyboard:20 - Создаем клавиатуру для выбора месяца
2023-12-09 14:33:23 INFO  VkBot:42 - Получено сообщение от пользователя: 
2000000002С текстом: [club223389236|@club223389236] Какая стоимость?
2023-12-09 14:33:23 INFO  JsonUtils:14 - Извлекаем значение из json: {"selectMenu":"priceList"}
2023-12-09 14:33:23 INFO  SelectMonthKeyboard:20 - Создаем клавиатуру для выбора месяца
2023-12-09 14:40:38 DEBUG VkBot:41 - Проверка на нал null
2023-12-09 14:40:38 INFO  VkBot:45 - Получено сообщение от пользователя: 
2000000002С текстом: asd
2023-12-09 14:40:38 INFO  WelcomeKeyboard:16 - Cоздаем клавиатуру основного меню
2023-12-09 14:42:06 DEBUG VkBot:41 - Проверка на нал null
2023-12-09 14:42:06 INFO  VkBot:45 - Получено сообщение от пользователя: 
2000000002С текстом: фыв
2023-12-09 14:42:06 INFO  WelcomeKeyboard:16 - Cоздаем клавиатуру основного меню
2023-12-09 14:42:48 DEBUG VkBot:41 - Проверка на нал null
2023-12-09 14:42:48 INFO  VkBot:45 - Получено сообщение от пользователя: 
2000000002С текстом: ыфв
2023-12-09 14:42:49 INFO  WelcomeKeyboard:16 - Cоздаем клавиатуру основного меню
2023-12-09 14:46:00 DEBUG VkBot:41 - Проверка на нал null
2023-12-09 14:46:00 INFO  VkBot:45 - Получено сообщение от пользователя: 
2000000002С текстом: фыв
2023-12-09 14:46:00 INFO  WelcomeKeyboard:16 - Cоздаем клавиатуру основного меню
2023-12-09 14:51:59 DEBUG VkBot:45 - Проверка на нал null
2023-12-09 14:51:59 INFO  VkBot:49 - Получено сообщение от пользователя: 
2000000002С текстом: asd
2023-12-09 14:51:59 INFO  WelcomeKeyboard:16 - Cоздаем клавиатуру основного меню
2023-12-09 18:45:34 DEBUG VkBot:45 - Проверка на нал Записаться на процедуру
2023-12-09 18:45:34 INFO  VkBot:49 - Получено сообщение от пользователя: 
2000000002С текстом: фыв
2023-12-09 18:45:34 INFO  WelcomeKeyboard:16 - Cоздаем клавиатуру основного меню
2023-12-09 18:45:36 DEBUG VkBot:45 - Проверка на нал Записаться на процедуру
2023-12-09 18:45:36 INFO  VkBot:49 - Получено сообщение от пользователя: 
2000000002С текстом: [club223389236|@club223389236] Записаться на процедуру
2023-12-09 18:45:36 INFO  JsonUtils:14 - Извлекаем значение из json: {"selectMenu":"bookProcedure"}
2023-12-09 18:45:36 INFO  SelectMonthKeyboard:20 - Создаем клавиатуру для выбора месяца
2023-12-09 18:45:38 DEBUG VkBot:45 - Проверка на нал Записаться на процедуру
2023-12-09 18:45:38 INFO  VkBot:49 - Получено сообщение от пользователя: 
2000000002С текстом: [club223389236|@club223389236] Назад
2023-12-09 18:45:38 INFO  WelcomeKeyboard:16 - Cоздаем клавиатуру основного меню
2023-12-09 18:45:43 DEBUG VkBot:45 - Проверка на нал Записаться на процедуру
2023-12-09 18:45:43 INFO  VkBot:49 - Получено сообщение от пользователя: 
2000000002С текстом: [club223389236|@club223389236] Записаться на процедуру
2023-12-09 18:45:43 INFO  JsonUtils:14 - Извлекаем значение из json: {"selectMenu":"bookProcedure"}
2023-12-09 18:45:43 INFO  SelectMonthKeyboard:20 - Создаем клавиатуру для выбора месяца
2023-12-09 18:45:46 DEBUG VkBot:45 - Проверка на нал Записаться на процедуру
2023-12-09 18:45:46 INFO  VkBot:49 - Получено сообщение от пользователя: 
2000000002С текстом: [club223389236|@club223389236] 1
2023-12-09 18:45:46 INFO  WelcomeKeyboard:16 - Cоздаем клавиатуру основного меню
2023-12-09 18:45:49 DEBUG VkBot:45 - Проверка на нал Записаться на процедуру
2023-12-09 18:45:49 INFO  VkBot:49 - Получено сообщение от пользователя: 
2000000002С текстом: [club223389236|@club223389236] Когда я записан?
2023-12-09 18:45:49 INFO  JsonUtils:14 - Извлекаем значение из json: {"selectMenu":"checkMyProcedure"}
2023-12-09 18:45:49 INFO  SelectMonthKeyboard:20 - Создаем клавиатуру для выбора месяца
2023-12-09 18:45:52 DEBUG VkBot:45 - Проверка на нал Записаться на процедуру
2023-12-09 18:45:52 INFO  VkBot:49 - Получено сообщение от пользователя: 
2000000002С текстом: [club223389236|@club223389236] Какая стоимость?
2023-12-09 18:45:52 INFO  JsonUtils:14 - Извлекаем значение из json: {"selectMenu":"priceList"}
2023-12-09 18:45:52 INFO  SelectMonthKeyboard:20 - Создаем клавиатуру для выбора месяца
2023-12-09 18:45:55 DEBUG VkBot:45 - Проверка на нал Записаться на процедуру
2023-12-09 18:45:55 INFO  VkBot:49 - Получено сообщение от пользователя: 
2000000002С текстом: [club223389236|@club223389236] Записаться на процедуру
2023-12-09 18:45:55 INFO  JsonUtils:14 - Извлекаем значение из json: {"selectMenu":"bookProcedure"}
2023-12-09 18:45:55 INFO  SelectMonthKeyboard:20 - Создаем клавиатуру для выбора месяца
2023-12-09 18:46:44 DEBUG VkBot:45 - Проверка на нал Записаться на процедуру
2023-12-09 18:46:44 INFO  VkBot:49 - Получено сообщение от пользователя: 
2000000002С текстом: [club223389236|@club223389236] Назад
2023-12-09 18:46:49 INFO  WelcomeKeyboard:16 - Cоздаем клавиатуру основного меню
2023-12-09 18:47:07 DEBUG VkBot:45 - Проверка на нал Записаться на процедуру
2023-12-09 18:47:07 INFO  VkBot:49 - Получено сообщение от пользователя: 
2000000002С текстом: [club223389236|@club223389236] Записаться на процедуру
2023-12-09 18:47:07 INFO  JsonUtils:14 - Извлекаем значение из json: {"selectMenu":"bookProcedure"}
2023-12-09 18:47:07 INFO  SelectMonthKeyboard:20 - Создаем клавиатуру для выбора месяца
2023-12-09 18:48:31 DEBUG VkBot:45 - Проверка на нал Записаться на процедуру
2023-12-09 18:48:31 INFO  VkBot:49 - Получено сообщение от пользователя: 
2000000002С текстом: [club223389236|@club223389236] Записаться на процедуру
2023-12-09 18:48:31 INFO  JsonUtils:14 - Извлекаем значение из json: {"selectMenu":"bookProcedure"}
2023-12-09 18:48:31 INFO  SelectMonthKeyboard:20 - Создаем клавиатуру для выбора месяца
2023-12-09 18:48:50 DEBUG VkBot:45 - Проверка на нал Записаться на процедуру
2023-12-09 18:48:50 INFO  VkBot:49 - Получено сообщение от пользователя: 
2000000002С текстом: asd
2023-12-09 18:48:50 INFO  WelcomeKeyboard:16 - Cоздаем клавиатуру основного меню
2023-12-09 18:48:51 DEBUG VkBot:45 - Проверка на нал Записаться на процедуру
2023-12-09 18:48:51 INFO  VkBot:49 - Получено сообщение от пользователя: 
2000000002С текстом: [club223389236|@club223389236] Записаться на процедуру
2023-12-09 18:48:51 INFO  JsonUtils:14 - Извлекаем значение из json: {"selectMenu":"bookProcedure"}
2023-12-09 18:48:52 INFO  SelectMonthKeyboard:20 - Создаем клавиатуру для выбора месяца
2023-12-09 18:49:17 DEBUG VkBot:45 - Проверка на нал Записаться на процедуру
2023-12-09 18:49:17 INFO  VkBot:49 - Получено сообщение от пользователя: 
2000000002С текстом: [club223389236|@club223389236] 1
2023-12-09 18:49:17 INFO  WelcomeKeyboard:16 - Cоздаем клавиатуру основного меню
2023-12-09 18:50:54 DEBUG VkBot:45 - Проверка на нал Записаться на процедуру
2023-12-09 18:50:54 INFO  VkBot:49 - Получено сообщение от пользователя: 
2000000002С текстом: [club223389236|@club223389236] Записаться на процедуру
2023-12-09 18:50:54 INFO  JsonUtils:14 - Извлекаем значение из json: {"selectMenu":"bookProcedure"}
2023-12-09 18:50:54 INFO  SelectMonthKeyboard:20 - Создаем клавиатуру для выбора месяца
2023-12-09 18:55:37 DEBUG VkBot:45 - Проверка на нал Записаться на процедуру
2023-12-09 18:55:37 INFO  VkBot:49 - Получено сообщение от пользователя: 
2000000002С текстом: [club223389236|@club223389236] Назад
2023-12-09 18:55:37 INFO  WelcomeKeyboard:16 - Cоздаем клавиатуру основного меню
2023-12-09 18:55:39 DEBUG VkBot:45 - Проверка на нал Записаться на процедуру
2023-12-09 18:55:39 INFO  VkBot:49 - Получено сообщение от пользователя: 
2000000002С текстом: [club223389236|@club223389236] Записаться на процедуру
2023-12-09 18:55:39 INFO  JsonUtils:14 - Извлекаем значение из json: {"selectMenu":"bookProcedure"}
2023-12-09 18:55:39 INFO  SelectMonthKeyboard:20 - Создаем клавиатуру для выбора месяца
2023-12-09 18:55:40 DEBUG VkBot:45 - Проверка на нал Записаться на процедуру
2023-12-09 18:55:40 INFO  VkBot:49 - Получено сообщение от пользователя: 
2000000002С текстом: [club223389236|@club223389236] 1
2023-12-09 18:55:40 INFO  WelcomeKeyboard:16 - Cоздаем клавиатуру основного меню
2023-12-09 18:58:06 DEBUG VkBot:45 - Проверка на нал Записаться на процедуру
2023-12-09 18:58:06 INFO  VkBot:49 - Получено сообщение от пользователя: 
2000000002С текстом: [club223389236|@club223389236] Записаться на процедуру
2023-12-09 18:58:06 INFO  JsonUtils:14 - Извлекаем значение из json: {"selectMenu":"bookProcedure"}
2023-12-09 18:58:06 INFO  SelectMonthKeyboard:20 - Создаем клавиатуру для выбора месяца
2023-12-09 18:58:24 DEBUG VkBot:45 - Проверка на нал Записаться на процедуру
2023-12-09 18:58:24 INFO  VkBot:49 - Получено сообщение от пользователя: 
2000000002С текстом: [club223389236|@club223389236] 1
2023-12-09 18:58:24 INFO  WelcomeKeyboard:16 - Cоздаем клавиатуру основного меню
2023-12-09 18:59:46 DEBUG VkBot:45 - Проверка на нал Записаться на процедуру
2023-12-09 18:59:46 INFO  VkBot:49 - Получено сообщение от пользователя: 
2000000002С текстом: [club223389236|@club223389236] Записаться на процедуру
2023-12-09 18:59:46 INFO  JsonUtils:14 - Извлекаем значение из json: {"selectMenu":"bookProcedure"}
2023-12-09 18:59:46 INFO  SelectMonthKeyboard:20 - Создаем клавиатуру для выбора месяца
2023-12-09 19:06:32 DEBUG VkBot:45 - Проверка на нал Записаться на процедуру
2023-12-09 19:06:32 INFO  VkBot:49 - Получено сообщение от пользователя: 
2000000002С текстом: [club223389236|@club223389236] 1
2023-12-09 19:06:32 INFO  WelcomeKeyboard:16 - Cоздаем клавиатуру основного меню
2023-12-09 20:16:44 INFO  VkBot:48 - Получено сообщение от пользователя: 
2000000002С текстом: asd
2023-12-09 20:18:55 INFO  WelcomeKeyboard:16 - Cоздаем клавиатуру основного меню
2023-12-09 20:19:16 INFO  VkBot:48 - Получено сообщение от пользователя: 
2000000002С текстом: [club223389236|@club223389236] Записаться на процедуру
2023-12-09 20:23:30 INFO  JsonUtils:14 - Извлекаем значение из json: {"selectMenu":"bookProcedure"}
2023-12-09 20:26:58 INFO  SelectMonthKeyboard:20 - Создаем клавиатуру для выбора месяца
2023-12-09 20:27:21 INFO  VkBot:48 - Получено сообщение от пользователя: 
2000000002С текстом: asd
2023-12-09 20:27:21 INFO  WelcomeKeyboard:16 - Cоздаем клавиатуру основного меню
2023-12-09 20:27:23 INFO  VkBot:48 - Получено сообщение от пользователя: 
2000000002С текстом: [club223389236|@club223389236] Записаться на процедуру
2023-12-09 20:27:23 INFO  JsonUtils:14 - Извлекаем значение из json: {"selectMenu":"bookProcedure"}
2023-12-09 20:27:23 INFO  SelectMonthKeyboard:20 - Создаем клавиатуру для выбора месяца
2023-12-09 20:27:27 INFO  VkBot:48 - Получено сообщение от пользователя: 
2000000002С текстом: [club223389236|@club223389236] Назад
2023-12-09 20:27:27 INFO  WelcomeKeyboard:16 - Cоздаем клавиатуру основного меню
2023-12-09 20:27:29 INFO  VkBot:48 - Получено сообщение от пользователя: 
2000000002С текстом: [club223389236|@club223389236] Записаться на процедуру
2023-12-09 20:27:29 INFO  JsonUtils:14 - Извлекаем значение из json: {"selectMenu":"bookProcedure"}
2023-12-09 20:27:29 INFO  SelectMonthKeyboard:20 - Создаем клавиатуру для выбора месяца
2023-12-09 20:27:32 INFO  VkBot:48 - Получено сообщение от пользователя: 
2000000002С текстом: [club223389236|@club223389236] 1
2023-12-09 20:27:32 INFO  WelcomeKeyboard:16 - Cоздаем клавиатуру основного меню
2023-12-12 18:00:36 INFO  VkBot:47 - Получено сообщение от пользователя: 
2000000002С текстом: asd
2023-12-12 18:00:39 INFO  WelcomeKeyboard:16 - Cоздаем клавиатуру основного меню
2023-12-12 18:00:57 INFO  VkBot:47 - Получено сообщение от пользователя: 
2000000002С текстом: [club223389236|@club223389236] Записаться на процедуру
2023-12-12 18:00:57 INFO  JsonUtils:14 - Извлекаем значение из json: {"selectMenu":"bookProcedure"}
2023-12-12 18:02:09 INFO  VkBot:47 - Получено сообщение от пользователя: 
2000000002С текстом: фыв
2023-12-12 18:02:09 INFO  WelcomeKeyboard:16 - Cоздаем клавиатуру основного меню
2023-12-12 18:02:14 INFO  VkBot:47 - Получено сообщение от пользователя: 
2000000002С текстом: [club223389236|@club223389236] Записаться на процедуру
2023-12-12 18:02:14 INFO  JsonUtils:14 - Извлекаем значение из json: {"selectMenu":"bookProcedure"}
2023-12-12 18:02:24 INFO  SelectMonthKeyboard:20 - Создаем клавиатуру для выбора месяца
2023-12-12 18:02:33 INFO  VkBot:47 - Получено сообщение от пользователя: 
2000000002С текстом: [club223389236|@club223389236] 1
2023-12-12 18:02:33 INFO  WelcomeKeyboard:16 - Cоздаем клавиатуру основного меню
2023-12-12 18:10:24 INFO  VkBot:47 - Получено сообщение от пользователя: 
2000000002С текстом: [club223389236|@club223389236] Записаться на процедуру
2023-12-12 18:10:24 INFO  JsonUtils:14 - Извлекаем значение из json: {"selectMenu":"bookProcedure"}
2023-12-12 18:10:25 INFO  SelectMonthKeyboard:20 - Создаем клавиатуру для выбора месяца
2023-12-12 18:12:36 INFO  VkBot:47 - Получено сообщение от пользователя: 
2000000002С текстом: [club223389236|@club223389236] Записаться на процедуру
2023-12-12 18:12:36 INFO  JsonUtils:14 - Извлекаем значение из json: {"selectMenu":"bookProcedure"}
2023-12-12 18:12:37 INFO  SelectMonthKeyboard:20 - Создаем клавиатуру для выбора месяца
2023-12-12 18:17:56 INFO  VkBot:47 - Получено сообщение от пользователя: 
2000000002С текстом: [club223389236|@club223389236] января
2023-12-12 18:17:57 INFO  JsonUtils:14 - Извлекаем значение из json: {"selectMonthMenu":"декабря"}
2023-12-12 18:17:57 INFO  WelcomeKeyboard:16 - Cоздаем клавиатуру основного меню
2023-12-12 18:18:52 INFO  VkBot:47 - Получено сообщение от пользователя: 
2000000002С текстом: [club223389236|@club223389236] Записаться на процедуру
2023-12-12 18:18:52 INFO  JsonUtils:14 - Извлекаем значение из json: {"selectMenu":"bookProcedure"}
2023-12-12 18:18:54 INFO  SelectMonthKeyboard:20 - Создаем клавиатуру для выбора месяца
2023-12-12 18:18:57 INFO  VkBot:47 - Получено сообщение от пользователя: 
2000000002С текстом: [club223389236|@club223389236] января
2023-12-12 18:18:57 INFO  JsonUtils:14 - Извлекаем значение из json: {"selectMonthMenu":"декабря"}
2023-12-12 18:24:19 INFO  WelcomeKeyboard:16 - Cоздаем клавиатуру основного меню
2023-12-12 18:24:52 INFO  VkBot:41 - Получено сообщение от пользователя: 
2000000002С текстом: [club223389236|@club223389236] Записаться на процедуру
2023-12-12 18:24:52 INFO  JsonUtils:33 - Извлекаем ключ из json: {"selectMenu":"bookProcedure"}
2023-12-12 18:24:52 INFO  WelcomeKeyboard:16 - Cоздаем клавиатуру основного меню
2023-12-12 18:24:54 INFO  VkBot:41 - Получено сообщение от пользователя: 
2000000002С текстом: [club223389236|@club223389236] Записаться на процедуру
2023-12-12 18:24:54 INFO  JsonUtils:33 - Извлекаем ключ из json: {"selectMenu":"bookProcedure"}
2023-12-12 18:24:54 INFO  WelcomeKeyboard:16 - Cоздаем клавиатуру основного меню
2023-12-12 18:25:01 INFO  VkBot:41 - Получено сообщение от пользователя: 
2000000002С текстом: [club223389236|@club223389236] Записаться на процедуру
2023-12-12 18:25:01 INFO  JsonUtils:33 - Извлекаем ключ из json: {"selectMenu":"bookProcedure"}
2023-12-12 18:25:01 INFO  WelcomeKeyboard:16 - Cоздаем клавиатуру основного меню
2023-12-12 18:25:23 INFO  VkBot:41 - Получено сообщение от пользователя: 
2000000002С текстом: [club223389236|@club223389236] Записаться на процедуру
2023-12-12 18:25:23 INFO  JsonUtils:33 - Извлекаем ключ из json: {"selectMenu":"bookProcedure"}
2023-12-12 18:26:10 INFO  WelcomeKeyboard:16 - Cоздаем клавиатуру основного меню
2023-12-12 18:26:19 INFO  VkBot:41 - Получено сообщение от пользователя: 
2000000002С текстом: [club223389236|@club223389236] Записаться на процедуру
2023-12-12 18:26:19 INFO  JsonUtils:33 - Извлекаем ключ из json: {"selectMenu":"bookProcedure"}
2023-12-12 18:26:19 INFO  WelcomeKeyboard:16 - Cоздаем клавиатуру основного меню
2023-12-12 18:26:20 INFO  VkBot:41 - Получено сообщение от пользователя: 
2000000002С текстом: [club223389236|@club223389236] Записаться на процедуру
2023-12-12 18:26:20 INFO  JsonUtils:33 - Извлекаем ключ из json: {"bookProcedure":"bookProcedure"}
2023-12-12 18:26:20 INFO  SelectMonthKeyboard:20 - Создаем клавиатуру для выбора месяца
2023-12-12 18:26:23 INFO  VkBot:41 - Получено сообщение от пользователя: 
2000000002С текстом: [club223389236|@club223389236] февраля
2023-12-12 18:26:23 INFO  JsonUtils:33 - Извлекаем ключ из json: {"selectMonthMenu":"декабря"}
2023-12-12 18:26:23 INFO  SelectDayKeyboard:22 - Создаем клавиатуру для выбора дня записи
2023-12-12 18:27:06 INFO  VkBot:41 - Получено сообщение от пользователя: 
2000000002С текстом: [club223389236|@club223389236] Записаться на процедуру
2023-12-12 18:27:06 INFO  JsonUtils:33 - Извлекаем ключ из json: {"bookProcedure":"bookProcedure"}
2023-12-12 18:27:12 INFO  SelectMonthKeyboard:20 - Создаем клавиатуру для выбора месяца
2023-12-12 18:27:21 INFO  VkBot:41 - Получено сообщение от пользователя: 
2000000002С текстом: [club223389236|@club223389236] января
2023-12-12 18:27:21 INFO  JsonUtils:33 - Извлекаем ключ из json: {"selectMonthMenu":"декабря"}
2023-12-12 18:27:26 INFO  SelectDayKeyboard:22 - Создаем клавиатуру для выбора дня записи
2023-12-12 18:28:51 INFO  VkBot:41 - Получено сообщение от пользователя: 
2000000002С текстом: [club223389236|@club223389236] Записаться на процедуру
2023-12-12 18:28:51 INFO  JsonUtils:33 - Извлекаем ключ из json: {"bookProcedure":"bookProcedure"}
2023-12-12 18:28:55 INFO  SelectMonthKeyboard:20 - Создаем клавиатуру для выбора месяца
2023-12-12 18:28:57 INFO  VkBot:41 - Получено сообщение от пользователя: 
2000000002С текстом: [club223389236|@club223389236] января
2023-12-12 18:28:57 INFO  JsonUtils:33 - Извлекаем ключ из json: {"selectMonthMenu":"декабря"}
2023-12-12 18:29:01 INFO  SelectDayKeyboard:22 - Создаем клавиатуру для выбора дня записи
2023-12-19 17:08:12 INFO  VkBot:41 - Получено сообщение от пользователя: 
2000000002С текстом: asd
2023-12-19 17:08:12 INFO  JsonUtils:33 - Извлекаем ключ из json: null
2023-12-19 17:08:12 WARN  JsonUtils:42 - Не удалось извлечь ключ из JSON
2023-12-19 17:08:16 INFO  WelcomeKeyboard:16 - Cоздаем клавиатуру основного меню
2023-12-19 17:08:19 INFO  VkBot:41 - Получено сообщение от пользователя: 
2000000002С текстом: [club223389236|@club223389236] Записаться на процедуру
2023-12-19 17:08:19 INFO  JsonUtils:33 - Извлекаем ключ из json: {"bookProcedure":"bookProcedure"}
2023-12-19 17:08:22 INFO  SelectMonthKeyboard:20 - Создаем клавиатуру для выбора месяца
2023-12-19 17:08:25 INFO  VkBot:41 - Получено сообщение от пользователя: 
2000000002С текстом: [club223389236|@club223389236] января
2023-12-19 17:08:25 INFO  JsonUtils:33 - Извлекаем ключ из json: {"selectMonthMenu":"декабря"}
2023-12-19 17:08:37 INFO  SelectDayKeyboard:22 - Создаем клавиатуру для выбора дня записи
2023-12-19 17:08:47 INFO  VkBot:41 - Получено сообщение от пользователя: 
2000000002С текстом: [club223389236|@club223389236] 2
2023-12-19 17:08:47 INFO  JsonUtils:33 - Извлекаем ключ из json: {"selectDayMenu":"19"}
2023-12-19 17:18:14 INFO  WelcomeKeyboard:16 - Cоздаем клавиатуру основного меню
2023-12-20 16:24:14 INFO  VkBot:41 - Получено сообщение от пользователя: 
2000000002С текстом: [club223389236|@club223389236] Записаться на процедуру
2023-12-20 16:24:14 INFO  JsonUtils:33 - Извлекаем ключ из json: {"bookProcedure":"bookProcedure"}
2023-12-20 16:24:14 INFO  SelectMonthKeyboard:20 - Создаем клавиатуру для выбора месяца
2023-12-20 16:24:17 INFO  VkBot:41 - Получено сообщение от пользователя: 
2000000002С текстом: [club223389236|@club223389236] января
2023-12-20 16:24:17 INFO  JsonUtils:33 - Извлекаем ключ из json: {"selectMonthMenu":"декабря"}
2023-12-20 16:24:17 INFO  SelectDayKeyboard:22 - Создаем клавиатуру для выбора дня записи
2023-12-20 16:24:19 INFO  VkBot:41 - Получено сообщение от пользователя: 
2000000002С текстом: [club223389236|@club223389236] 6
2023-12-20 16:24:19 INFO  JsonUtils:33 - Извлекаем ключ из json: {"selectDayMenu":"20"}
2023-12-20 16:24:19 INFO  SelectTimeKeyboard:18 - Создаем клавиатуру для выбора время записи
2023-12-20 16:24:22 INFO  VkBot:41 - Получено сообщение от пользователя: 
2000000002С текстом: [club223389236|@club223389236] 14:00
2023-12-20 16:24:22 INFO  JsonUtils:33 - Извлекаем ключ из json: {"selectTimeKeyboard":"time"}
2023-12-20 16:24:22 INFO  WelcomeKeyboard:16 - Cоздаем клавиатуру основного меню
2023-12-20 16:27:53 INFO  VkBot:41 - Получено сообщение от пользователя: 
2000000002С текстом: [club223389236|@club223389236] Записаться на процедуру
2023-12-20 16:27:53 INFO  JsonUtils:33 - Извлекаем ключ из json: {"bookProcedure":"bookProcedure"}
2023-12-20 16:27:53 INFO  SelectMonthKeyboard:20 - Создаем клавиатуру для выбора месяца
2023-12-20 16:27:54 INFO  VkBot:41 - Получено сообщение от пользователя: 
2000000002С текстом: [club223389236|@club223389236] января
2023-12-20 16:27:54 INFO  JsonUtils:33 - Извлекаем ключ из json: {"selectMonthMenu":"декабря"}
2023-12-20 16:27:54 INFO  SelectDayKeyboard:22 - Создаем клавиатуру для выбора дня записи
2023-12-20 16:27:56 INFO  VkBot:41 - Получено сообщение от пользователя: 
2000000002С текстом: [club223389236|@club223389236] 1
2023-12-20 16:27:56 INFO  JsonUtils:33 - Извлекаем ключ из json: {"selectDayMenu":"20"}
2023-12-20 16:27:56 INFO  SelectTimeKeyboard:18 - Создаем клавиатуру для выбора время записи
2023-12-20 16:27:58 INFO  VkBot:41 - Получено сообщение от пользователя: 
2000000002С текстом: [club223389236|@club223389236] 14:00
2023-12-20 16:27:58 INFO  JsonUtils:33 - Извлекаем ключ из json: {"selectTimeKeyboard":"time"}
2023-12-20 16:27:58 INFO  WelcomeKeyboard:16 - Cоздаем клавиатуру основного меню
2023-12-20 16:32:39 INFO  VkBot:41 - Получено сообщение от пользователя: 
2000000002С текстом: [club223389236|@club223389236] Записаться на процедуру
2023-12-20 16:32:39 INFO  JsonUtils:33 - Извлекаем ключ из json: {"bookProcedure":"bookProcedure"}
2023-12-20 16:32:39 INFO  SelectMonthKeyboard:20 - Создаем клавиатуру для выбора месяца
2023-12-20 16:47:36 INFO  VkBot:43 - Получено сообщение от пользователя: 
2000000002С текстом: [club223389236|@club223389236] января
2023-12-20 16:47:36 INFO  JsonUtils:33 - Извлекаем ключ из json: {"selectMonthMenu":"декабря"}
2023-12-20 16:47:36 INFO  SelectDayKeyboard:22 - Создаем клавиатуру для выбора дня записи
2024-01-13 20:58:57 INFO  VkBot:42 - Получено сообщение от пользователя: 
2000000002С текстом: asd
2024-01-13 20:58:57 INFO  JsonUtils:33 - Извлекаем ключ из json: null
2024-01-13 20:58:57 WARN  JsonUtils:42 - Не удалось извлечь ключ из JSON
2024-01-13 20:58:57 INFO  WelcomeKeyboard:16 - Cоздаем клавиатуру основного меню
2024-01-13 20:58:59 INFO  VkBot:42 - Получено сообщение от пользователя: 
2000000002С текстом: [club223389236|@club223389236] Записаться на процедуру
2024-01-13 20:58:59 INFO  JsonUtils:33 - Извлекаем ключ из json: {"bookProcedure":"bookProcedure"}
2024-01-13 20:58:59 INFO  SelectMonthKeyboard:20 - Создаем клавиатуру для выбора месяца
2024-01-13 20:59:00 INFO  VkBot:42 - Получено сообщение от пользователя: 
2000000002С текстом: [club223389236|@club223389236] января
2024-01-13 20:59:00 INFO  JsonUtils:33 - Извлекаем ключ из json: {"selectMonthMenu":"декабря"}
2024-01-13 20:59:00 INFO  SelectDayKeyboard:22 - Создаем клавиатуру для выбора дня записи
2024-01-13 20:59:02 INFO  VkBot:42 - Получено сообщение от пользователя: 
2000000002С текстом: [club223389236|@club223389236] 2
2024-01-13 20:59:02 INFO  JsonUtils:33 - Извлекаем ключ из json: {"selectDayMenu":"13"}
2024-01-13 20:59:02 INFO  SelectTimeKeyboard:18 - Создаем клавиатуру для выбора время записи
2024-01-13 20:59:04 INFO  VkBot:42 - Получено сообщение от пользователя: 
2000000002С текстом: [club223389236|@club223389236] 15:00
2024-01-13 20:59:04 INFO  JsonUtils:33 - Извлекаем ключ из json: {"selectTimeKeyboard":"time"}
2024-01-13 20:59:04 INFO  WelcomeKeyboard:16 - Cоздаем клавиатуру основного меню
2024-01-13 21:00:17 INFO  VkBot:42 - Получено сообщение от пользователя: 
2000000002С текстом: [club223389236|@club223389236] Записаться на процедуру
2024-01-13 21:00:17 INFO  JsonUtils:33 - Извлекаем ключ из json: {"bookProcedure":"bookProcedure"}
2024-01-13 21:00:17 INFO  SelectMonthKeyboard:20 - Создаем клавиатуру для выбора месяца
2024-01-13 21:01:54 INFO  VkBot:42 - Получено сообщение от пользователя: 
2000000002С текстом: [club223389236|@club223389236] января
2024-01-13 21:01:54 INFO  JsonUtils:33 - Извлекаем ключ из json: {"selectMonthMenu":"декабря"}
2024-01-13 21:01:54 INFO  SelectDayKeyboard:22 - Создаем клавиатуру для выбора дня записи
2024-01-13 21:01:55 INFO  VkBot:42 - Получено сообщение от пользователя: 
2000000002С текстом: [club223389236|@club223389236] Записаться на процедуру
2024-01-13 21:01:55 INFO  JsonUtils:33 - Извлекаем ключ из json: {"bookProcedure":"bookProcedure"}
2024-01-13 21:01:55 INFO  SelectMonthKeyboard:20 - Создаем клавиатуру для выбора месяца
2024-01-13 21:02:16 INFO  VkBot:42 - Получено сообщение от пользователя: 
2000000002С текстом: [club223389236|@club223389236] Записаться на процедуру
2024-01-13 21:02:16 INFO  JsonUtils:33 - Извлекаем ключ из json: {"bookProcedure":"bookProcedure"}
2024-01-13 21:02:22 INFO  SelectMonthKeyboard:20 - Создаем клавиатуру для выбора месяца
2024-01-13 21:06:30 INFO  VkBot:42 - Получено сообщение от пользователя: 
2000000002С текстом: [club223389236|@club223389236] Записаться на процедуру
2024-01-13 21:06:30 INFO  JsonUtils:33 - Извлекаем ключ из json: {"bookProcedure":"bookProcedure"}
2024-01-13 21:06:30 INFO  SelectMonthKeyboard:20 - Создаем клавиатуру для выбора месяца
2024-01-13 21:07:26 INFO  VkBot:42 - Получено сообщение от пользователя: 
2000000002С текстом: [club223389236|@club223389236] Записаться на процедуру
2024-01-13 21:07:26 INFO  JsonUtils:33 - Извлекаем ключ из json: {"bookProcedure":"bookProcedure"}
2024-01-13 21:07:26 INFO  SelectMonthKeyboard:20 - Создаем клавиатуру для выбора месяца
2024-01-13 21:11:10 INFO  VkBot:42 - Получено сообщение от пользователя: 
2000000002С текстом: [club223389236|@club223389236] Записаться на процедуру
2024-01-13 21:11:10 INFO  JsonUtils:33 - Извлекаем ключ из json: {"bookProcedure":"bookProcedure"}
2024-01-13 21:11:10 INFO  SelectMonthKeyboard:20 - Создаем клавиатуру для выбора месяца
2024-01-13 21:22:07 INFO  VkBot:42 - Получено сообщение от пользователя: 
2000000002С текстом: [club223389236|Студия красоты] Январь
2024-01-13 21:22:07 INFO  JsonUtils:33 - Извлекаем ключ из json: {"selectMonthMenu":"Декабрь"}
2024-01-13 21:22:07 INFO  SelectDayKeyboard:22 - Создаем клавиатуру для выбора дня записи
2024-01-13 21:22:11 INFO  VkBot:42 - Получено сообщение от пользователя: 
2000000002С текстом: [club223389236|Студия красоты] 2
2024-01-13 21:22:11 INFO  JsonUtils:33 - Извлекаем ключ из json: {"selectDayMenu":"13"}
2024-01-13 21:22:11 INFO  SelectTimeKeyboard:18 - Создаем клавиатуру для выбора время записи
